2017-10-31 02:04:33 +0000  Initial pipeline context: <IDEDistributionProcessingPipelineContext: 0x7f81fe60aad0; archive(resolved)='<IDEArchive: 0x7f8203264fb0>', distributionTask(resolved)='2', distributionMethod(resolved)='<IDEDistributionMethodAdHoc: 0x7f81fe011e30>', team(resolved)='<IDEProvisioningBasicTeam 0x7f820f1df970: teamID: YM2MZ34492, teamName: Shanghai YanZhi Network Technology Co., Ltd.>'>
	Chain (11, self inclusive):
	<IDEDistributionProcessingPipelineContext: 0x7f81fe60aad0; archive = '<IDEArchive: 0x7f8203264fb0>', distributionMethod='<IDEDistributionMethodAdHoc: 0x7f81fe011e30>', team='<IDEProvisioningBasicTeam 0x7f820f1df970: teamID: YM2MZ34492, teamName: Shanghai YanZhi Network Technology Co., Ltd.>'>
	<IDEDistributionProcessingPipelineContext: 0x7f82035eccf0; archive = '<IDEArchive: 0x7f8203264fb0>', distributionMethod='<IDEDistributionMethodAdHoc: 0x7f81fe011e30>', team='<IDEProvisioningBasicTeam 0x7f820f1df970: teamID: YM2MZ34492, teamName: Shanghai YanZhi Network Technology Co., Ltd.>'>
	<IDEDistributionContext: 0x7f81ff2a1690; archive = '<IDEArchive: 0x7f8203264fb0>', distributionMethod='<IDEDistributionMethodAdHoc: 0x7f81fe011e30>', team='<IDEProvisioningBasicTeam 0x7f820f1df970: teamID: YM2MZ34492, teamName: Shanghai YanZhi Network Technology Co., Ltd.>'>
	<IDEDistributionContext: 0x7f81fed1b300; archive = '<IDEArchive: 0x7f8203264fb0>', distributionMethod='<IDEDistributionMethodAdHoc: 0x7f81fe011e30>', team='<IDEProvisioningBasicTeam 0x7f820f1df970: teamID: YM2MZ34492, teamName: Shanghai YanZhi Network Technology Co., Ltd.>'>
	<IDEDistributionContext: 0x7f81fedf5e10; archive = '<IDEArchive: 0x7f8203264fb0>', distributionMethod='<IDEDistributionMethodAdHoc: 0x7f81fe011e30>', team='<IDEProvisioningBasicTeam 0x7f820f1df970: teamID: YM2MZ34492, teamName: Shanghai YanZhi Network Technology Co., Ltd.>'>
	<IDEDistributionContext: 0x7f82000501d0; archive = '<IDEArchive: 0x7f8203264fb0>', distributionMethod='<IDEDistributionMethodAdHoc: 0x7f81fe011e30>', team='<IDEProvisioningBasicTeam 0x7f820f1df970: teamID: YM2MZ34492, teamName: Shanghai YanZhi Network Technology Co., Ltd.>'>
	<IDEDistributionContext: 0x7f81fe6c4f90; archive = '<IDEArchive: 0x7f8203264fb0>', distributionMethod='<IDEDistributionMethodAdHoc: 0x7f81fe011e30>', team='<IDEProvisioningBasicTeam 0x7f820f1df970: teamID: YM2MZ34492, teamName: Shanghai YanZhi Network Technology Co., Ltd.>'>
	<IDEDistributionContext: 0x7f8213e24470; archive = '<IDEArchive: 0x7f8203264fb0>', distributionMethod='<IDEDistributionMethodAdHoc: 0x7f81fe011e30>', team='<IDEProvisioningBasicTeam 0x7f820f1df970: teamID: YM2MZ34492, teamName: Shanghai YanZhi Network Technology Co., Ltd.>'>
	<IDEDistributionContext: 0x7f81ffcf9c20; archive = '<IDEArchive: 0x7f8203264fb0>', distributionMethod='<IDEDistributionMethodAdHoc: 0x7f81fe011e30>', team='<IDEProvisioningBasicTeam 0x7f820f1df970: teamID: YM2MZ34492, teamName: Shanghai YanZhi Network Technology Co., Ltd.>'>
	<IDEDistributionContext: 0x7f81fe456260; archive = '<IDEArchive: 0x7f8203264fb0>', distributionMethod='<IDEDistributionMethodAdHoc: 0x7f81fe011e30>', team='(null)'>
	<IDEDistributionContext: 0x7f820f739390; archive = '<IDEArchive: 0x7f8203264fb0>', distributionMethod='(null)', team='(null)'>
</IDEDistributionProcessingPipelineContext: 0x7f81fe60aad0>
2017-10-31 02:04:33 +0000  Processing step: IDEDistributionCreateDestRootStep
2017-10-31 02:04:33 +0000  Processing step: IDEDistributionCopyItemStep
2017-10-31 02:04:33 +0000  Running /usr/bin/ditto '-V' '/Users/LXH/Library/Developer/Xcode/Archives/2017-10-30/Cunpiao 2017-10-30 下午5.48.xcarchive/Products/Applications/Cunpiao.app' '/var/folders/3v/8wjbkk9d5r51txlm57s2fnhw0000gn/T/XcodeDistPipeline.Cdt/Root/Payload/Cunpiao.app'
2017-10-31 02:04:33 +0000  >>> Copying /Users/LXH/Library/Developer/Xcode/Archives/2017-10-30/Cunpiao 2017-10-30 下午5.48.xcarchive/Products/Applications/Cunpiao.app 
2017-10-31 02:04:33 +0000  
2017-10-31 02:04:33 +0000  copying file ./_CodeSignature/CodeResources ... 
2017-10-31 02:04:33 +0000  53559 bytes for ./_CodeSignature/CodeResources
2017-10-31 02:04:33 +0000  copying file ./Address.plist ... 
2017-10-31 02:04:33 +0000  38718 bytes for ./Address.plist
2017-10-31 02:04:33 +0000  copying file ./AlipaySDK.bundle/bar@2x.png ... 
2017-10-31 02:04:33 +0000  1011 bytes for ./AlipaySDK.bundle/bar@2x.png
copying file ./AlipaySDK.bundle/refresh@2x.png ... 
2017-10-31 02:04:33 +0000  605 bytes for ./AlipaySDK.bundle/refresh@2x.png
2017-10-31 02:04:33 +0000  copying file ./AlipaySDK.bundle/refresh_click@2x.png ... 
2017-10-31 02:04:33 +0000  1824 bytes for ./AlipaySDK.bundle/refresh_click@2x.png
2017-10-31 02:04:33 +0000  copying file ./AlipaySDK.bundle/shutdown@2x.png ... 
2017-10-31 02:04:33 +0000  222 bytes for ./AlipaySDK.bundle/shutdown@2x.png
2017-10-31 02:04:33 +0000  copying file ./AlipaySDK.bundle/shutdown_click@2x.png ... 
2017-10-31 02:04:33 +0000  1319 bytes for ./AlipaySDK.bundle/shutdown_click@2x.png
2017-10-31 02:04:33 +0000  copying file ./AMap.bundle/images/greenPin.png ... 
2017-10-31 02:04:33 +0000  988 bytes for ./AMap.bundle/images/greenPin.png
2017-10-31 02:04:33 +0000  copying file ./AMap.bundle/images/greenPin@2x.png ... 
2017-10-31 02:04:33 +0000  1893 bytes for ./AMap.bundle/images/greenPin@2x.png
2017-10-31 02:04:33 +0000  copying file ./AMap.bundle/images/greenPin@3x.png ... 
2017-10-31 02:04:33 +0000  2844 bytes for ./AMap.bundle/images/greenPin@3x.png
2017-10-31 02:04:33 +0000  copying file ./AMap.bundle/images/greenPin_lift.png ... 
2017-10-31 02:04:33 +0000  425 bytes for ./AMap.bundle/images/greenPin_lift.png
2017-10-31 02:04:33 +0000  copying file ./AMap.bundle/images/greenPin_lift@2x.png ... 
2017-10-31 02:04:33 +0000  960 bytes for ./AMap.bundle/images/greenPin_lift@2x.png
copying file ./AMap.bundle/images/greenPin_lift@3x.png ... 
2017-10-31 02:04:33 +0000  1401 bytes for ./AMap.bundle/images/greenPin_lift@3x.png
2017-10-31 02:04:33 +0000  copying file ./AMap.bundle/images/pin_shadow.png ... 
2017-10-31 02:04:33 +0000  609 bytes for ./AMap.bundle/images/pin_shadow.png
2017-10-31 02:04:33 +0000  copying file ./AMap.bundle/images/pin_shadow@2x.png ... 
2017-10-31 02:04:33 +0000  1155 bytes for ./AMap.bundle/images/pin_shadow@2x.png
2017-10-31 02:04:33 +0000  copying file ./AMap.bundle/images/pin_shadow@3x.png ... 
2017-10-31 02:04:33 +0000  1817 bytes for ./AMap.bundle/images/pin_shadow@3x.png
2017-10-31 02:04:33 +0000  copying file ./AMap.bundle/images/purplePin.png ... 
2017-10-31 02:04:33 +0000  988 bytes for ./AMap.bundle/images/purplePin.png
2017-10-31 02:04:33 +0000  copying file ./AMap.bundle/images/purplePin@2x.png ... 
2017-10-31 02:04:33 +0000  1873 bytes for ./AMap.bundle/images/purplePin@2x.png
2017-10-31 02:04:33 +0000  copying file ./AMap.bundle/images/purplePin@3x.png ... 
2017-10-31 02:04:33 +0000  2844 bytes for ./AMap.bundle/images/purplePin@3x.png
2017-10-31 02:04:33 +0000  copying file ./AMap.bundle/images/purplePin_lift.png ... 
2017-10-31 02:04:33 +0000  418 bytes for ./AMap.bundle/images/purplePin_lift.png
2017-10-31 02:04:33 +0000  copying file ./AMap.bundle/images/purplePin_lift@2x.png ... 
2017-10-31 02:04:33 +0000  960 bytes for ./AMap.bundle/images/purplePin_lift@2x.png
2017-10-31 02:04:33 +0000  copying file ./AMap.bundle/images/purplePin_lift@3x.png ... 
2017-10-31 02:04:33 +0000  1406 bytes for ./AMap.bundle/images/purplePin_lift@3x.png
2017-10-31 02:04:33 +0000  copying file ./AMap.bundle/images/redPin.png ... 
2017-10-31 02:04:33 +0000  986 bytes for ./AMap.bundle/images/redPin.png
2017-10-31 02:04:33 +0000  copying file ./AMap.bundle/images/redPin@2x.png ... 
2017-10-31 02:04:33 +0000  1878 bytes for ./AMap.bundle/images/redPin@2x.png
2017-10-31 02:04:33 +0000  copying file ./AMap.bundle/images/redPin@3x.png ... 
2017-10-31 02:04:33 +0000  2848 bytes for ./AMap.bundle/images/redPin@3x.png
2017-10-31 02:04:33 +0000  copying file ./AMap.bundle/images/redPin_lift.png ... 
2017-10-31 02:04:33 +0000  418 bytes for ./AMap.bundle/images/redPin_lift.png
2017-10-31 02:04:33 +0000  copying file ./AMap.bundle/images/redPin_lift@2x.png ... 
2017-10-31 02:04:33 +0000  955 bytes for ./AMap.bundle/images/redPin_lift@2x.png
2017-10-31 02:04:33 +0000  copying file ./AMap.bundle/images/redPin_lift@3x.png ... 
2017-10-31 02:04:33 +0000  1405 bytes for ./AMap.bundle/images/redPin_lift@3x.png
2017-10-31 02:04:33 +0000  copying file ./AppIcon20x20@2x.png ... 
2017-10-31 02:04:33 +0000  377 bytes for ./AppIcon20x20@2x.png
2017-10-31 02:04:33 +0000  copying file ./AppIcon20x20@3x.png ... 
2017-10-31 02:04:33 +0000  521 bytes for ./AppIcon20x20@3x.png
2017-10-31 02:04:33 +0000  copying file ./AppIcon29x29@2x.png ... 
2017-10-31 02:04:33 +0000  509 bytes for ./AppIcon29x29@2x.png
2017-10-31 02:04:33 +0000  copying file ./AppIcon29x29@3x.png ... 
2017-10-31 02:04:33 +0000  794 bytes for ./AppIcon29x29@3x.png
2017-10-31 02:04:33 +0000  copying file ./AppIcon40x40@2x.png ... 
2017-10-31 02:04:33 +0000  760 bytes for ./AppIcon40x40@2x.png
2017-10-31 02:04:33 +0000  copying file ./AppIcon40x40@3x.png ... 
2017-10-31 02:04:33 +0000  935 bytes for ./AppIcon40x40@3x.png
copying file ./AppIcon60x60@2x.png ... 
2017-10-31 02:04:33 +0000  935 bytes for ./AppIcon60x60@2x.png
2017-10-31 02:04:33 +0000  copying file ./AppIcon60x60@3x.png ... 
2017-10-31 02:04:33 +0000  1474 bytes for ./AppIcon60x60@3x.png
2017-10-31 02:04:33 +0000  copying file ./Assets.car ... 
2017-10-31 02:04:33 +0000  4625496 bytes for ./Assets.car
2017-10-31 02:04:33 +0000  copying file ./Base.lproj/LaunchScreen.storyboardc/01J-lp-oVM-view-Ze5-6b-2t3.nib ... 
1791 bytes for ./Base.lproj/LaunchScreen.storyboardc/01J-lp-oVM-view-Ze5-6b-2t3.nib
copying file ./Base.lproj/LaunchScreen.storyboardc/Info.plist ... 
2017-10-31 02:04:33 +0000  258 bytes for ./Base.lproj/LaunchScreen.storyboardc/Info.plist
2017-10-31 02:04:33 +0000  copying file ./Base.lproj/LaunchScreen.storyboardc/UIViewController-01J-lp-oVM.nib ... 
2017-10-31 02:04:33 +0000  832 bytes for ./Base.lproj/LaunchScreen.storyboardc/UIViewController-01J-lp-oVM.nib
2017-10-31 02:04:33 +0000  copying file ./Cunpiao ... 
2017-10-31 02:04:33 +0000  20686480 bytes for ./Cunpiao
2017-10-31 02:04:33 +0000  copying file ./embedded.mobileprovision ... 
2017-10-31 02:04:33 +0000  17931 bytes for ./embedded.mobileprovision
2017-10-31 02:04:33 +0000  copying file ./exportOptions.plist ... 
2017-10-31 02:04:33 +0000  60 bytes for ./exportOptions.plist
2017-10-31 02:04:33 +0000  copying file ./Info.plist ... 
2017-10-31 02:04:33 +0000  2964 bytes for ./Info.plist
copying file ./InfoPlist.strings ... 
2017-10-31 02:04:33 +0000  73 bytes for ./InfoPlist.strings
2017-10-31 02:04:33 +0000  copying file ./IQKeyboardManager.bundle/en.lproj/IQKeyboardManager.strings ... 
2017-10-31 02:04:33 +0000  618 bytes for ./IQKeyboardManager.bundle/en.lproj/IQKeyboardManager.strings
2017-10-31 02:04:33 +0000  copying file ./IQKeyboardManager.bundle/es.lproj/IQKeyboardManager.strings ... 
2017-10-31 02:04:33 +0000  640 bytes for ./IQKeyboardManager.bundle/es.lproj/IQKeyboardManager.strings
2017-10-31 02:04:33 +0000  copying file ./IQKeyboardManager.bundle/IQButtonBarArrowLeft@2x.png ... 
2017-10-31 02:04:33 +0000  328 bytes for ./IQKeyboardManager.bundle/IQButtonBarArrowLeft@2x.png
2017-10-31 02:04:33 +0000  copying file ./IQKeyboardManager.bundle/IQButtonBarArrowRight@2x.png ... 
2017-10-31 02:04:33 +0000  351 bytes for ./IQKeyboardManager.bundle/IQButtonBarArrowRight@2x.png
2017-10-31 02:04:33 +0000  copying file ./JSBadgeView.bundle/Info.plist ... 
2017-10-31 02:04:33 +0000  719 bytes for ./JSBadgeView.bundle/Info.plist
2017-10-31 02:04:33 +0000  copying file ./LaunchImage-1100-2436h@3x.png ... 
2017-10-31 02:04:33 +0000  232451 bytes for ./LaunchImage-1100-2436h@3x.png
2017-10-31 02:04:33 +0000  copying file ./LaunchImage-700-568h@2x.png ... 
2017-10-31 02:04:33 +0000  25365 bytes for ./LaunchImage-700-568h@2x.png
copying file ./LaunchImage-700@2x.png ... 
2017-10-31 02:04:33 +0000  24451 bytes for ./LaunchImage-700@2x.png
2017-10-31 02:04:33 +0000  copying file ./LaunchImage-800-667h@2x.png ... 
2017-10-31 02:04:33 +0000  31576 bytes for ./LaunchImage-800-667h@2x.png
2017-10-31 02:04:33 +0000  copying file ./LaunchImage-800-Portrait-736h@3x.png ... 
2017-10-31 02:04:33 +0000  62313 bytes for ./LaunchImage-800-Portrait-736h@3x.png
2017-10-31 02:04:33 +0000  copying file ./MJPhotoBrowser.bundle/save_icon.png ... 
2017-10-31 02:04:33 +0000  1727 bytes for ./MJPhotoBrowser.bundle/save_icon.png
2017-10-31 02:04:33 +0000  copying file ./MJPhotoBrowser.bundle/save_icon@2x.png ... 
2017-10-31 02:04:33 +0000  1056 bytes for ./MJPhotoBrowser.bundle/save_icon@2x.png
copying file ./MJPhotoBrowser.bundle/save_icon_highlighted.png ... 
2017-10-31 02:04:33 +0000  1744 bytes for ./MJPhotoBrowser.bundle/save_icon_highlighted.png
2017-10-31 02:04:33 +0000  copying file ./MJPhotoBrowser.bundle/save_icon_highlighted@2x.png ... 
2017-10-31 02:04:33 +0000  1056 bytes for ./MJPhotoBrowser.bundle/save_icon_highlighted@2x.png
2017-10-31 02:04:33 +0000  copying file ./MJRefresh.bundle/arrow@2x.png ... 
2017-10-31 02:04:33 +0000  1033 bytes for ./MJRefresh.bundle/arrow@2x.png
2017-10-31 02:04:33 +0000  copying file ./MJRefresh.bundle/en.lproj/Localizable.strings ... 
2017-10-31 02:04:33 +0000  1126 bytes for ./MJRefresh.bundle/en.lproj/Localizable.strings
2017-10-31 02:04:33 +0000  copying file ./MJRefresh.bundle/zh-Hans.lproj/Localizable.strings ... 
2017-10-31 02:04:33 +0000  1186 bytes for ./MJRefresh.bundle/zh-Hans.lproj/Localizable.strings
2017-10-31 02:04:33 +0000  copying file ./MJRefresh.bundle/zh-Hant.lproj/Localizable.strings ... 
2017-10-31 02:04:33 +0000  773 bytes for ./MJRefresh.bundle/zh-Hant.lproj/Localizable.strings
2017-10-31 02:04:33 +0000  copying file ./NetworkEnvironment.plist ... 
2017-10-31 02:04:33 +0000  311 bytes for ./NetworkEnvironment.plist
2017-10-31 02:04:33 +0000  copying file ./PkgInfo ... 
2017-10-31 02:04:33 +0000  8 bytes for ./PkgInfo
2017-10-31 02:04:33 +0000  copying file ./ShareSDK.bundle/Base.lproj/ShareSDK.strings ... 
2017-10-31 02:04:33 +0000  1002 bytes for ./ShareSDK.bundle/Base.lproj/ShareSDK.strings
2017-10-31 02:04:33 +0000  copying file ./ShareSDK.bundle/en.lproj/ShareSDK.strings ... 
2017-10-31 02:04:33 +0000  1005 bytes for ./ShareSDK.bundle/en.lproj/ShareSDK.strings
2017-10-31 02:04:33 +0000  copying file ./ShareSDK.bundle/ScriptCore/NativeExt.js ... 
2017-10-31 02:04:33 +0000  12548 bytes for ./ShareSDK.bundle/ScriptCore/NativeExt.js
2017-10-31 02:04:33 +0000  copying file ./ShareSDK.bundle/ScriptCore/platforms/AliPaySocial.js ... 
2017-10-31 02:04:33 +0000  12337 bytes for ./ShareSDK.bundle/ScriptCore/platforms/AliPaySocial.js
2017-10-31 02:04:33 +0000  copying file ./ShareSDK.bundle/ScriptCore/platforms/Copy.js ... 
2017-10-31 02:04:33 +0000  4172 bytes for ./ShareSDK.bundle/ScriptCore/platforms/Copy.js
2017-10-31 02:04:33 +0000  copying file ./ShareSDK.bundle/ScriptCore/platforms/DingTalk.js ... 
2017-10-31 02:04:33 +0000  11400 bytes for ./ShareSDK.bundle/ScriptCore/platforms/DingTalk.js
2017-10-31 02:04:33 +0000  copying file ./ShareSDK.bundle/ScriptCore/platforms/DouBan.js ... 
2017-10-31 02:04:33 +0000  9529 bytes for ./ShareSDK.bundle/ScriptCore/platforms/DouBan.js
2017-10-31 02:04:33 +0000  copying file ./ShareSDK.bundle/ScriptCore/platforms/Dropbox.js ... 
2017-10-31 02:04:33 +0000  7652 bytes for ./ShareSDK.bundle/ScriptCore/platforms/Dropbox.js
2017-10-31 02:04:33 +0000  copying file ./ShareSDK.bundle/ScriptCore/platforms/Evernote.js ... 
2017-10-31 02:04:33 +0000  8070 bytes for ./ShareSDK.bundle/ScriptCore/platforms/Evernote.js
2017-10-31 02:04:33 +0000  copying file ./ShareSDK.bundle/ScriptCore/platforms/Facebook.js ... 
2017-10-31 02:04:33 +0000  18767 bytes for ./ShareSDK.bundle/ScriptCore/platforms/Facebook.js
2017-10-31 02:04:33 +0000  copying file ./ShareSDK.bundle/ScriptCore/platforms/FacebookMessenger.js ... 
2017-10-31 02:04:33 +0000  11858 bytes for ./ShareSDK.bundle/ScriptCore/platforms/FacebookMessenger.js
2017-10-31 02:04:33 +0000  copying file ./ShareSDK.bundle/ScriptCore/platforms/Flickr.js ... 
2017-10-31 02:04:33 +0000  9206 bytes for ./ShareSDK.bundle/ScriptCore/platforms/Flickr.js
2017-10-31 02:04:33 +0000  copying file ./ShareSDK.bundle/ScriptCore/platforms/GooglePlus.js ... 
2017-10-31 02:04:33 +0000  9935 bytes for ./ShareSDK.bundle/ScriptCore/platforms/GooglePlus.js
2017-10-31 02:04:33 +0000  copying file ./ShareSDK.bundle/ScriptCore/platforms/Instagram.js ... 
2017-10-31 02:04:33 +0000  9319 bytes for ./ShareSDK.bundle/ScriptCore/platforms/Instagram.js
2017-10-31 02:04:33 +0000  copying file ./ShareSDK.bundle/ScriptCore/platforms/Instapaper.js ... 
2017-10-31 02:04:33 +0000  6528 bytes for ./ShareSDK.bundle/ScriptCore/platforms/Instapaper.js
2017-10-31 02:04:33 +0000  copying file ./ShareSDK.bundle/ScriptCore/platforms/KaiXin.js ... 
2017-10-31 02:04:33 +0000  10081 bytes for ./ShareSDK.bundle/ScriptCore/platforms/KaiXin.js
2017-10-31 02:04:33 +0000  copying file ./ShareSDK.bundle/ScriptCore/platforms/KaKao.js ... 
2017-10-31 02:04:33 +0000  19755 bytes for ./ShareSDK.bundle/ScriptCore/platforms/KaKao.js
2017-10-31 02:04:33 +0000  copying file ./ShareSDK.bundle/ScriptCore/platforms/Line.js ... 
2017-10-31 02:04:33 +0000  11085 bytes for ./ShareSDK.bundle/ScriptCore/platforms/Line.js
2017-10-31 02:04:33 +0000  copying file ./ShareSDK.bundle/ScriptCore/platforms/LinkedIn.js ... 
2017-10-31 02:04:33 +0000  9320 bytes for ./ShareSDK.bundle/ScriptCore/platforms/LinkedIn.js
2017-10-31 02:04:33 +0000  copying file ./ShareSDK.bundle/ScriptCore/platforms/Mail.js ... 
2017-10-31 02:04:33 +0000  4526 bytes for ./ShareSDK.bundle/ScriptCore/platforms/Mail.js
2017-10-31 02:04:33 +0000  copying file ./ShareSDK.bundle/ScriptCore/platforms/MeiPai.js ... 
2017-10-31 02:04:33 +0000  9032 bytes for ./ShareSDK.bundle/ScriptCore/platforms/MeiPai.js
2017-10-31 02:04:33 +0000  copying file ./ShareSDK.bundle/ScriptCore/platforms/MingDao.js ... 
2017-10-31 02:04:33 +0000  9501 bytes for ./ShareSDK.bundle/ScriptCore/platforms/MingDao.js
2017-10-31 02:04:33 +0000  copying file ./ShareSDK.bundle/ScriptCore/platforms/Pinterest.js ... 
2017-10-31 02:04:33 +0000  11365 bytes for ./ShareSDK.bundle/ScriptCore/platforms/Pinterest.js
2017-10-31 02:04:33 +0000  copying file ./ShareSDK.bundle/ScriptCore/platforms/Pocket.js ... 
2017-10-31 02:04:33 +0000  9210 bytes for ./ShareSDK.bundle/ScriptCore/platforms/Pocket.js
2017-10-31 02:04:33 +0000  copying file ./ShareSDK.bundle/ScriptCore/platforms/Print.js ... 
2017-10-31 02:04:33 +0000  3956 bytes for ./ShareSDK.bundle/ScriptCore/platforms/Print.js
2017-10-31 02:04:33 +0000  copying file ./ShareSDK.bundle/ScriptCore/platforms/QQ.js ... 
2017-10-31 02:04:33 +0000  23202 bytes for ./ShareSDK.bundle/ScriptCore/platforms/QQ.js
2017-10-31 02:04:33 +0000  copying file ./ShareSDK.bundle/ScriptCore/platforms/RenRen.js ... 
2017-10-31 02:04:33 +0000  14511 bytes for ./ShareSDK.bundle/ScriptCore/platforms/RenRen.js
2017-10-31 02:04:33 +0000  copying file ./ShareSDK.bundle/ScriptCore/platforms/SinaWeibo.js ... 
2017-10-31 02:04:33 +0000  20902 bytes for ./ShareSDK.bundle/ScriptCore/platforms/SinaWeibo.js
2017-10-31 02:04:33 +0000  copying file ./ShareSDK.bundle/ScriptCore/platforms/SMS.js ... 
2017-10-31 02:04:33 +0000  4289 bytes for ./ShareSDK.bundle/ScriptCore/platforms/SMS.js
2017-10-31 02:04:33 +0000  copying file ./ShareSDK.bundle/ScriptCore/platforms/TencentWeibo.js ... 
2017-10-31 02:04:33 +0000  9526 bytes for ./ShareSDK.bundle/ScriptCore/platforms/TencentWeibo.js
2017-10-31 02:04:33 +0000  copying file ./ShareSDK.bundle/ScriptCore/platforms/Tumblr.js ... 
2017-10-31 02:04:33 +0000  9858 bytes for ./ShareSDK.bundle/ScriptCore/platforms/Tumblr.js
2017-10-31 02:04:33 +0000  copying file ./ShareSDK.bundle/ScriptCore/platforms/Twitter.js ... 
2017-10-31 02:04:33 +0000  11877 bytes for ./ShareSDK.bundle/ScriptCore/platforms/Twitter.js
2017-10-31 02:04:33 +0000  copying file ./ShareSDK.bundle/ScriptCore/platforms/VKontakte.js ... 
2017-10-31 02:04:33 +0000  13079 bytes for ./ShareSDK.bundle/ScriptCore/platforms/VKontakte.js
2017-10-31 02:04:33 +0000  copying file ./ShareSDK.bundle/ScriptCore/platforms/WeChat.js ... 
2017-10-31 02:04:33 +0000  23596 bytes for ./ShareSDK.bundle/ScriptCore/platforms/WeChat.js
2017-10-31 02:04:33 +0000  copying file ./ShareSDK.bundle/ScriptCore/platforms/WhatsApp.js ... 
2017-10-31 02:04:33 +0000  5244 bytes for ./ShareSDK.bundle/ScriptCore/platforms/WhatsApp.js
2017-10-31 02:04:33 +0000  copying file ./ShareSDK.bundle/ScriptCore/platforms/YiXin.js ... 
2017-10-31 02:04:33 +0000  27407 bytes for ./ShareSDK.bundle/ScriptCore/platforms/YiXin.js
2017-10-31 02:04:33 +0000  copying file ./ShareSDK.bundle/ScriptCore/platforms/YouDaoNote.js ... 
2017-10-31 02:04:33 +0000  7873 bytes for ./ShareSDK.bundle/ScriptCore/platforms/YouDaoNote.js
2017-10-31 02:04:33 +0000  copying file ./ShareSDK.bundle/ScriptCore/platforms/YouTube.js ... 
2017-10-31 02:04:33 +0000  10738 bytes for ./ShareSDK.bundle/ScriptCore/platforms/YouTube.js
2017-10-31 02:04:33 +0000  copying file ./ShareSDK.bundle/ScriptCore/ShareSDK.js ... 
2017-10-31 02:04:33 +0000  7245 bytes for ./ShareSDK.bundle/ScriptCore/ShareSDK.js
2017-10-31 02:04:33 +0000  copying file ./ShareSDK.bundle/zh-Hans.lproj/ShareSDK.strings ... 
2017-10-31 02:04:33 +0000  1001 bytes for ./ShareSDK.bundle/zh-Hans.lproj/ShareSDK.strings
2017-10-31 02:04:33 +0000  copying file ./SSKeychain.bundle/en.lproj/SSKeychain.strings ... 
2017-10-31 02:04:33 +0000  1576 bytes for ./SSKeychain.bundle/en.lproj/SSKeychain.strings
2017-10-31 02:04:33 +0000  copying file ./suc_play.gif ... 
2017-10-31 02:04:33 +0000  7560 bytes for ./suc_play.gif
2017-10-31 02:04:33 +0000  copying file ./TencentOpenApi_IOS_Bundle.bundle/error.png ... 
2017-10-31 02:04:33 +0000  1578 bytes for ./TencentOpenApi_IOS_Bundle.bundle/error.png
2017-10-31 02:04:33 +0000  copying file ./TencentOpenApi_IOS_Bundle.bundle/Info.plist ... 
2017-10-31 02:04:33 +0000  589 bytes for ./TencentOpenApi_IOS_Bundle.bundle/Info.plist
2017-10-31 02:04:33 +0000  copying file ./TencentOpenApi_IOS_Bundle.bundle/local.html ... 
2017-10-31 02:04:33 +0000  4556 bytes for ./TencentOpenApi_IOS_Bundle.bundle/local.html
2017-10-31 02:04:33 +0000  copying file ./TencentOpenApi_IOS_Bundle.bundle/qqicon.png ... 
2017-10-31 02:04:33 +0000  1855 bytes for ./TencentOpenApi_IOS_Bundle.bundle/qqicon.png
2017-10-31 02:04:33 +0000  copying file ./TencentOpenApi_IOS_Bundle.bundle/success.png ... 
2017-10-31 02:04:33 +0000  1761 bytes for ./TencentOpenApi_IOS_Bundle.bundle/success.png
2017-10-31 02:04:33 +0000  copying file ./walletResources.bundle/Contents/Resources/default.css ... 
2017-10-31 02:04:33 +0000  4369 bytes for ./walletResources.bundle/Contents/Resources/default.css
2017-10-31 02:04:33 +0000  copying file ./walletResources.bundle/Contents/Resources/ll_arrow_down_normal@2x.png ... 
2017-10-31 02:04:33 +0000  1321 bytes for ./walletResources.bundle/Contents/Resources/ll_arrow_down_normal@2x.png
2017-10-31 02:04:33 +0000  copying file ./walletResources.bundle/Contents/Resources/ll_arrow_down_pressed@2x.png ... 
2017-10-31 02:04:33 +0000  1353 bytes for ./walletResources.bundle/Contents/Resources/ll_arrow_down_pressed@2x.png
2017-10-31 02:04:33 +0000  copying file ./walletResources.bundle/Contents/Resources/ll_arrow_left_normal@2x.png ... 
2017-10-31 02:04:33 +0000  1543 bytes for ./walletResources.bundle/Contents/Resources/ll_arrow_left_normal@2x.png
2017-10-31 02:04:33 +0000  copying file ./walletResources.bundle/Contents/Resources/ll_arrow_right_normal@2x.png ... 
2017-10-31 02:04:33 +0000  1326 bytes for ./walletResources.bundle/Contents/Resources/ll_arrow_right_normal@2x.png
2017-10-31 02:04:33 +0000  copying file ./walletResources.bundle/Contents/Resources/ll_arrow_right_pressed@2x.png ... 
2017-10-31 02:04:33 +0000  1324 bytes for ./walletResources.bundle/Contents/Resources/ll_arrow_right_pressed@2x.png
2017-10-31 02:04:33 +0000  copying file ./walletResources.bundle/Contents/Resources/ll_cancel_normal@2x.png ... 
2017-10-31 02:04:33 +0000  1369 bytes for ./walletResources.bundle/Contents/Resources/ll_cancel_normal@2x.png
2017-10-31 02:04:33 +0000  copying file ./walletResources.bundle/Contents/Resources/ll_cancel_pressed@2x.png ... 
2017-10-31 02:04:33 +0000  1398 bytes for ./walletResources.bundle/Contents/Resources/ll_cancel_pressed@2x.png
2017-10-31 02:04:33 +0000  copying file ./walletResources.bundle/Contents/Resources/ll_card@2x.png ... 
2017-10-31 02:04:33 +0000  1140 bytes for ./walletResources.bundle/Contents/Resources/ll_card@2x.png
2017-10-31 02:04:33 +0000  copying file ./walletResources.bundle/Contents/Resources/ll_contact@2x.png ... 
2017-10-31 02:04:33 +0000  1269 bytes for ./walletResources.bundle/Contents/Resources/ll_contact@2x.png
2017-10-31 02:04:33 +0000  copying file ./walletResources.bundle/Contents/Resources/ll_cvv2_backgroun@2x.png ... 
2017-10-31 02:04:33 +0000  2312 bytes for ./walletResources.bundle/Contents/Resources/ll_cvv2_backgroun@2x.png
2017-10-31 02:04:33 +0000  copying file ./walletResources.bundle/Contents/Resources/ll_cvv2_front@2x.png ... 
2017-10-31 02:04:33 +0000  8757 bytes for ./walletResources.bundle/Contents/Resources/ll_cvv2_front@2x.png
2017-10-31 02:04:33 +0000  copying file ./walletResources.bundle/Contents/Resources/ll_detail@2x.png ... 
2017-10-31 02:04:33 +0000  2059 bytes for ./walletResources.bundle/Contents/Resources/ll_detail@2x.png
2017-10-31 02:04:33 +0000  copying file ./walletResources.bundle/Contents/Resources/ll_detail_normal@2x.png ... 
2017-10-31 02:04:33 +0000  2282 bytes for ./walletResources.bundle/Contents/Resources/ll_detail_normal@2x.png
copying file ./walletResources.bundle/Contents/Resources/ll_detail_pressed@2x.png ... 
2017-10-31 02:04:33 +0000  2297 bytes for ./walletResources.bundle/Contents/Resources/ll_detail_pressed@2x.png
2017-10-31 02:04:33 +0000  copying file ./walletResources.bundle/Contents/Resources/ll_dot_selected@2x.png ... 
2017-10-31 02:04:33 +0000  5147 bytes for ./walletResources.bundle/Contents/Resources/ll_dot_selected@2x.png
2017-10-31 02:04:33 +0000  copying file ./walletResources.bundle/Contents/Resources/ll_dot_unselected@2x.png ... 
2017-10-31 02:04:33 +0000  3426 bytes for ./walletResources.bundle/Contents/Resources/ll_dot_unselected@2x.png
2017-10-31 02:04:33 +0000  copying file ./walletResources.bundle/Contents/Resources/ll_fail2@2x.png ... 
2017-10-31 02:04:33 +0000  1650 bytes for ./walletResources.bundle/Contents/Resources/ll_fail2@2x.png
2017-10-31 02:04:33 +0000  copying file ./walletResources.bundle/Contents/Resources/ll_fail@2x.png ... 
2017-10-31 02:04:33 +0000  1690 bytes for ./walletResources.bundle/Contents/Resources/ll_fail@2x.png
2017-10-31 02:04:33 +0000  copying file ./walletResources.bundle/Contents/Resources/ll_gesture_bg@2x.png ... 
2017-10-31 02:04:33 +0000  4806 bytes for ./walletResources.bundle/Contents/Resources/ll_gesture_bg@2x.png
2017-10-31 02:04:33 +0000  copying file ./walletResources.bundle/Contents/Resources/ll_inputbg@2x.png ... 
2017-10-31 02:04:33 +0000  1778 bytes for ./walletResources.bundle/Contents/Resources/ll_inputbg@2x.png
2017-10-31 02:04:33 +0000  copying file ./walletResources.bundle/Contents/Resources/ll_more@2x.png ... 
2017-10-31 02:04:33 +0000  1293 bytes for ./walletResources.bundle/Contents/Resources/ll_more@2x.png
2017-10-31 02:04:33 +0000  copying file ./walletResources.bundle/Contents/Resources/ll_nav_bg2@2x.png ... 
2017-10-31 02:04:33 +0000  935 bytes for ./walletResources.bundle/Contents/Resources/ll_nav_bg2@2x.png
2017-10-31 02:04:33 +0000  copying file ./walletResources.bundle/Contents/Resources/ll_nav_bg3@2x.png ... 
2017-10-31 02:04:33 +0000  1826 bytes for ./walletResources.bundle/Contents/Resources/ll_nav_bg3@2x.png
2017-10-31 02:04:33 +0000  copying file ./walletResources.bundle/Contents/Resources/ll_nav_bg@2x.png ... 
2017-10-31 02:04:33 +0000  1529 bytes for ./walletResources.bundle/Contents/Resources/ll_nav_bg@2x.png
2017-10-31 02:04:33 +0000  copying file ./walletResources.bundle/Contents/Resources/ll_phone@2x.png ... 
2017-10-31 02:04:33 +0000  1655 bytes for ./walletResources.bundle/Contents/Resources/ll_phone@2x.png
2017-10-31 02:04:33 +0000  copying file ./walletResources.bundle/Contents/Resources/ll_shield@2x.png ... 
2017-10-31 02:04:33 +0000  3000 bytes for ./walletResources.bundle/Contents/Resources/ll_shield@2x.png
2017-10-31 02:04:33 +0000  copying file ./walletResources.bundle/Contents/Resources/ll_shield_h@2x.png ... 
2017-10-31 02:04:33 +0000  2982 bytes for ./walletResources.bundle/Contents/Resources/ll_shield_h@2x.png
copying file ./walletResources.bundle/Contents/Resources/ll_success@2x.png ... 
2017-10-31 02:04:33 +0000  1208 bytes for ./walletResources.bundle/Contents/Resources/ll_success@2x.png
2017-10-31 02:04:33 +0000  copying file ./walletResources.bundle/Contents/Resources/ll_warning@2x.png ... 
2017-10-31 02:04:33 +0000  1878 bytes for ./walletResources.bundle/Contents/Resources/ll_warning@2x.png
2017-10-31 02:04:33 +0000  copying file ./walletResources.bundle/Contents/Resources/logo2@2x.png ... 
2017-10-31 02:04:33 +0000  2600 bytes for ./walletResources.bundle/Contents/Resources/logo2@2x.png
copying file ./walletResources.bundle/Contents/Resources/logo@2x.png ... 
2017-10-31 02:04:33 +0000  2609 bytes for ./walletResources.bundle/Contents/Resources/logo@2x.png
2017-10-31 02:04:33 +0000  copying file ./WeiboSDK.bundle/images/common_button_white@2x.png ... 
2017-10-31 02:04:33 +0000  367 bytes for ./WeiboSDK.bundle/images/common_button_white@2x.png
2017-10-31 02:04:33 +0000  copying file ./WeiboSDK.bundle/images/common_button_white_highlighted@2x.png ... 
2017-10-31 02:04:33 +0000  378 bytes for ./WeiboSDK.bundle/images/common_button_white_highlighted@2x.png
2017-10-31 02:04:33 +0000  copying file ./WeiboSDK.bundle/images/empty_failed@2x.png ... 
2017-10-31 02:04:33 +0000  4136 bytes for ./WeiboSDK.bundle/images/empty_failed@2x.png
2017-10-31 02:04:33 +0000  copying file ./WeiboSDK.bundle/others/mfp.cer ... 
2017-10-31 02:04:33 +0000  577 bytes for ./WeiboSDK.bundle/others/mfp.cer
2017-10-31 02:04:33 +0000  copying file ./zh-Hans.lproj/LaunchScreen.strings ... 
2017-10-31 02:04:33 +0000  2 bytes for ./zh-Hans.lproj/LaunchScreen.strings
2017-10-31 02:04:33 +0000  /usr/bin/ditto exited with 0
2017-10-31 02:04:33 +0000  Processing step: IDEDistributionEmbedProfileStep
2017-10-31 02:04:33 +0000  Processing step: IDEDistributionAppThinningPlistStep
2017-10-31 02:04:33 +0000  Skipping step: IDEDistributionAppThinningPlistStep because it said so
2017-10-31 02:04:33 +0000  Processing step: IDEDistributionCompileBitcodeStep
2017-10-31 02:04:33 +0000  Skipping step: IDEDistributionCompileBitcodeStep because it said so
2017-10-31 02:04:33 +0000  Processing step: IDEDistributionCodeSlimmingStep
2017-10-31 02:04:33 +0000  Processing step: IDEDistributionCopyBCSymbolMapsStep
2017-10-31 02:04:33 +0000  Skipping step: IDEDistributionCopyBCSymbolMapsStep because it said so
2017-10-31 02:04:33 +0000  Processing step: IDEDistributionSymbolsStep
2017-10-31 02:04:33 +0000  Skipping step: IDEDistributionSymbolsStep because it said so
2017-10-31 02:04:33 +0000  Processing step: IDEDistributionAppThinningStep
2017-10-31 02:04:33 +0000  Skipping step: IDEDistributionAppThinningStep because it said so
2017-10-31 02:04:33 +0000  Processing step: IDEDistributionODRStep
2017-10-31 02:04:33 +0000  Processing step: IDEDistributionStripXattrsStep
2017-10-31 02:04:33 +0000  Running /usr/bin/xattr '-cr' '/var/folders/3v/8wjbkk9d5r51txlm57s2fnhw0000gn/T/XcodeDistPipeline.Cdt/Root/Payload/Cunpiao.app'
2017-10-31 02:04:33 +0000  /usr/bin/xattr exited with 0
2017-10-31 02:04:33 +0000  Processing step: IDEDistributionCodesignStep
2017-10-31 02:04:33 +0000  Applying entitlements delta for <IDEDistributionItem: 0x7f820bef71b0 'com.cunpiao.cunpiao' '<DVTFilePath:0x7f8203264b20:'/Users/LXH/Library/Developer/Xcode/Archives/2017-10-30/Cunpiao 2017-10-30 下午5.48.xcarchive/Products/Applications/Cunpiao.app'>'> from <IDEiCloudEntitlementsProcessor: 0x7f81ff157e10>: {
}
2017-10-31 02:04:33 +0000  Entitlements for <IDEDistributionItem: 0x7f820bef71b0 'com.cunpiao.cunpiao' '<DVTFilePath:0x7f8203264b20:'/Users/LXH/Library/Developer/Xcode/Archives/2017-10-30/Cunpiao 2017-10-30 下午5.48.xcarchive/Products/Applications/Cunpiao.app'>'>: {
    "application-identifier" = "YM2MZ34492.com.cunpiao.cunpiao";
    "aps-environment" = production;
    "com.apple.developer.team-identifier" = YM2MZ34492;
    "get-task-allow" = 0;
}
2017-10-31 02:04:33 +0000  Writing entitlements for <IDEDistributionItem: 0x7f820bef71b0 'com.cunpiao.cunpiao' '<DVTFilePath:0x7f8203264b20:'/Users/LXH/Library/Developer/Xcode/Archives/2017-10-30/Cunpiao 2017-10-30 下午5.48.xcarchive/Products/Applications/Cunpiao.app'>'> to: /var/folders/3v/8wjbkk9d5r51txlm57s2fnhw0000gn/T/XcodeDistPipeline.Cdt/entitlementsNen23r
2017-10-31 02:04:33 +0000  Running /usr/bin/codesign '-vvv' '--force' '--sign' '913A80EF015CF59965093A5DA391EE7C385FD955' '--preserve-metadata=identifier,flags' '--entitlements' '/var/folders/3v/8wjbkk9d5r51txlm57s2fnhw0000gn/T/XcodeDistPipeline.Cdt/entitlementsNen23r' '/var/folders/3v/8wjbkk9d5r51txlm57s2fnhw0000gn/T/XcodeDistPipeline.Cdt/Root/Payload/Cunpiao.app'
2017-10-31 02:04:33 +0000  /var/folders/3v/8wjbkk9d5r51txlm57s2fnhw0000gn/T/XcodeDistPipeline.Cdt/Root/Payload/Cunpiao.app: replacing existing signature
2017-10-31 02:04:34 +0000  /var/folders/3v/8wjbkk9d5r51txlm57s2fnhw0000gn/T/XcodeDistPipeline.Cdt/Root/Payload/Cunpiao.app: signed app bundle with Mach-O universal (armv7 arm64) [com.cunpiao.cunpiao]
2017-10-31 02:04:34 +0000  /usr/bin/codesign exited with 0
2017-10-31 02:04:34 +0000  Processing step: IDEDistributionStreamingZipItemStep
2017-10-31 02:04:34 +0000  Skipping step: IDEDistributionStreamingZipItemStep because it said so
2017-10-31 02:04:34 +0000  Processing step: IDEDistributionCreateIPAStep
2017-10-31 02:04:34 +0000  Running /usr/bin/ditto '-V' '-c' '-k' '--norsrc' '/var/folders/3v/8wjbkk9d5r51txlm57s2fnhw0000gn/T/XcodeDistPipeline.Cdt/Root' '/var/folders/3v/8wjbkk9d5r51txlm57s2fnhw0000gn/T/XcodeDistPipeline.Cdt/Packages/Cunpiao.ipa'
2017-10-31 02:04:34 +0000  >>> Copying /var/folders/3v/8wjbkk9d5r51txlm57s2fnhw0000gn/T/XcodeDistPipeline.Cdt/Root 
2017-10-31 02:04:34 +0000  
2017-10-31 02:04:34 +0000  copying file ./Payload/Cunpiao.app/_CodeSignature/CodeResources ... 
2017-10-31 02:04:34 +0000  53559 bytes for ./Payload/Cunpiao.app/_CodeSignature/CodeResources
2017-10-31 02:04:34 +0000  copying file ./Payload/Cunpiao.app/Address.plist ... 
2017-10-31 02:04:34 +0000  38718 bytes for ./Payload/Cunpiao.app/Address.plist
2017-10-31 02:04:34 +0000  copying file ./Payload/Cunpiao.app/AlipaySDK.bundle/bar@2x.png ... 
2017-10-31 02:04:34 +0000  1011 bytes for ./Payload/Cunpiao.app/AlipaySDK.bundle/bar@2x.png
2017-10-31 02:04:34 +0000  copying file ./Payload/Cunpiao.app/AlipaySDK.bundle/refresh@2x.png ... 
2017-10-31 02:04:34 +0000  605 bytes for ./Payload/Cunpiao.app/AlipaySDK.bundle/refresh@2x.png
2017-10-31 02:04:34 +0000  copying file ./Payload/Cunpiao.app/AlipaySDK.bundle/refresh_click@2x.png ... 
2017-10-31 02:04:34 +0000  1824 bytes for ./Payload/Cunpiao.app/AlipaySDK.bundle/refresh_click@2x.png
2017-10-31 02:04:34 +0000  copying file ./Payload/Cunpiao.app/AlipaySDK.bundle/shutdown@2x.png ... 
2017-10-31 02:04:34 +0000  222 bytes for ./Payload/Cunpiao.app/AlipaySDK.bundle/shutdown@2x.png
copying file ./Payload/Cunpiao.app/AlipaySDK.bundle/shutdown_click@2x.png ... 
2017-10-31 02:04:34 +0000  1319 bytes for ./Payload/Cunpiao.app/AlipaySDK.bundle/shutdown_click@2x.png
2017-10-31 02:04:34 +0000  copying file ./Payload/Cunpiao.app/AMap.bundle/images/greenPin.png ... 
2017-10-31 02:04:34 +0000  988 bytes for ./Payload/Cunpiao.app/AMap.bundle/images/greenPin.png
copying file ./Payload/Cunpiao.app/AMap.bundle/images/greenPin@2x.png ... 
2017-10-31 02:04:34 +0000  1893 bytes for ./Payload/Cunpiao.app/AMap.bundle/images/greenPin@2x.png
2017-10-31 02:04:34 +0000  copying file ./Payload/Cunpiao.app/AMap.bundle/images/greenPin@3x.png ... 
2017-10-31 02:04:34 +0000  2844 bytes for ./Payload/Cunpiao.app/AMap.bundle/images/greenPin@3x.png
2017-10-31 02:04:34 +0000  copying file ./Payload/Cunpiao.app/AMap.bundle/images/greenPin_lift.png ... 
2017-10-31 02:04:34 +0000  425 bytes for ./Payload/Cunpiao.app/AMap.bundle/images/greenPin_lift.png
copying file ./Payload/Cunpiao.app/AMap.bundle/images/greenPin_lift@2x.png ... 
2017-10-31 02:04:34 +0000  960 bytes for ./Payload/Cunpiao.app/AMap.bundle/images/greenPin_lift@2x.png
2017-10-31 02:04:34 +0000  copying file ./Payload/Cunpiao.app/AMap.bundle/images/greenPin_lift@3x.png ... 
2017-10-31 02:04:34 +0000  1401 bytes for ./Payload/Cunpiao.app/AMap.bundle/images/greenPin_lift@3x.png
copying file ./Payload/Cunpiao.app/AMap.bundle/images/pin_shadow.png ... 
2017-10-31 02:04:34 +0000  609 bytes for ./Payload/Cunpiao.app/AMap.bundle/images/pin_shadow.png
2017-10-31 02:04:34 +0000  copying file ./Payload/Cunpiao.app/AMap.bundle/images/pin_shadow@2x.png ... 
2017-10-31 02:04:34 +0000  1155 bytes for ./Payload/Cunpiao.app/AMap.bundle/images/pin_shadow@2x.png
copying file ./Payload/Cunpiao.app/AMap.bundle/images/pin_shadow@3x.png ... 
2017-10-31 02:04:34 +0000  1817 bytes for ./Payload/Cunpiao.app/AMap.bundle/images/pin_shadow@3x.png
2017-10-31 02:04:34 +0000  copying file ./Payload/Cunpiao.app/AMap.bundle/images/purplePin.png ... 
2017-10-31 02:04:34 +0000  988 bytes for ./Payload/Cunpiao.app/AMap.bundle/images/purplePin.png
copying file ./Payload/Cunpiao.app/AMap.bundle/images/purplePin@2x.png ... 
2017-10-31 02:04:34 +0000  1873 bytes for ./Payload/Cunpiao.app/AMap.bundle/images/purplePin@2x.png
2017-10-31 02:04:34 +0000  copying file ./Payload/Cunpiao.app/AMap.bundle/images/purplePin@3x.png ... 
2017-10-31 02:04:34 +0000  2844 bytes for ./Payload/Cunpiao.app/AMap.bundle/images/purplePin@3x.png
copying file ./Payload/Cunpiao.app/AMap.bundle/images/purplePin_lift.png ... 
2017-10-31 02:04:34 +0000  418 bytes for ./Payload/Cunpiao.app/AMap.bundle/images/purplePin_lift.png
copying file ./Payload/Cunpiao.app/AMap.bundle/images/purplePin_lift@2x.png ... 
2017-10-31 02:04:34 +0000  960 bytes for ./Payload/Cunpiao.app/AMap.bundle/images/purplePin_lift@2x.png
2017-10-31 02:04:34 +0000  copying file ./Payload/Cunpiao.app/AMap.bundle/images/purplePin_lift@3x.png ... 
2017-10-31 02:04:34 +0000  1406 bytes for ./Payload/Cunpiao.app/AMap.bundle/images/purplePin_lift@3x.png
copying file ./Payload/Cunpiao.app/AMap.bundle/images/redPin.png ... 
2017-10-31 02:04:34 +0000  986 bytes for ./Payload/Cunpiao.app/AMap.bundle/images/redPin.png
2017-10-31 02:04:34 +0000  copying file ./Payload/Cunpiao.app/AMap.bundle/images/redPin@2x.png ... 
2017-10-31 02:04:34 +0000  1878 bytes for ./Payload/Cunpiao.app/AMap.bundle/images/redPin@2x.png
copying file ./Payload/Cunpiao.app/AMap.bundle/images/redPin@3x.png ... 
2017-10-31 02:04:34 +0000  2848 bytes for ./Payload/Cunpiao.app/AMap.bundle/images/redPin@3x.png
2017-10-31 02:04:34 +0000  copying file ./Payload/Cunpiao.app/AMap.bundle/images/redPin_lift.png ... 
2017-10-31 02:04:34 +0000  418 bytes for ./Payload/Cunpiao.app/AMap.bundle/images/redPin_lift.png
copying file ./Payload/Cunpiao.app/AMap.bundle/images/redPin_lift@2x.png ... 
2017-10-31 02:04:34 +0000  955 bytes for ./Payload/Cunpiao.app/AMap.bundle/images/redPin_lift@2x.png
copying file ./Payload/Cunpiao.app/AMap.bundle/images/redPin_lift@3x.png ... 
2017-10-31 02:04:34 +0000  1405 bytes for ./Payload/Cunpiao.app/AMap.bundle/images/redPin_lift@3x.png
2017-10-31 02:04:34 +0000  copying file ./Payload/Cunpiao.app/AppIcon20x20@2x.png ... 
2017-10-31 02:04:34 +0000  377 bytes for ./Payload/Cunpiao.app/AppIcon20x20@2x.png
2017-10-31 02:04:34 +0000  copying file ./Payload/Cunpiao.app/AppIcon20x20@3x.png ... 
2017-10-31 02:04:34 +0000  521 bytes for ./Payload/Cunpiao.app/AppIcon20x20@3x.png
2017-10-31 02:04:34 +0000  copying file ./Payload/Cunpiao.app/AppIcon29x29@2x.png ... 
2017-10-31 02:04:34 +0000  509 bytes for ./Payload/Cunpiao.app/AppIcon29x29@2x.png
2017-10-31 02:04:34 +0000  copying file ./Payload/Cunpiao.app/AppIcon29x29@3x.png ... 
2017-10-31 02:04:34 +0000  794 bytes for ./Payload/Cunpiao.app/AppIcon29x29@3x.png
copying file ./Payload/Cunpiao.app/AppIcon40x40@2x.png ... 
2017-10-31 02:04:34 +0000  760 bytes for ./Payload/Cunpiao.app/AppIcon40x40@2x.png
2017-10-31 02:04:34 +0000  copying file ./Payload/Cunpiao.app/AppIcon40x40@3x.png ... 
2017-10-31 02:04:34 +0000  935 bytes for ./Payload/Cunpiao.app/AppIcon40x40@3x.png
copying file ./Payload/Cunpiao.app/AppIcon60x60@2x.png ... 
2017-10-31 02:04:34 +0000  935 bytes for ./Payload/Cunpiao.app/AppIcon60x60@2x.png
copying file ./Payload/Cunpiao.app/AppIcon60x60@3x.png ... 
2017-10-31 02:04:34 +0000  1474 bytes for ./Payload/Cunpiao.app/AppIcon60x60@3x.png
2017-10-31 02:04:34 +0000  copying file ./Payload/Cunpiao.app/Assets.car ... 
2017-10-31 02:04:34 +0000  4625496 bytes for ./Payload/Cunpiao.app/Assets.car
2017-10-31 02:04:34 +0000  copying file ./Payload/Cunpiao.app/Base.lproj/LaunchScreen.storyboardc/01J-lp-oVM-view-Ze5-6b-2t3.nib ... 
2017-10-31 02:04:34 +0000  1791 bytes for ./Payload/Cunpiao.app/Base.lproj/LaunchScreen.storyboardc/01J-lp-oVM-view-Ze5-6b-2t3.nib
2017-10-31 02:04:34 +0000  copying file ./Payload/Cunpiao.app/Base.lproj/LaunchScreen.storyboardc/Info.plist ... 
258 bytes for ./Payload/Cunpiao.app/Base.lproj/LaunchScreen.storyboardc/Info.plist
copying file ./Payload/Cunpiao.app/Base.lproj/LaunchScreen.storyboardc/UIViewController-01J-lp-oVM.nib ... 
2017-10-31 02:04:34 +0000  832 bytes for ./Payload/Cunpiao.app/Base.lproj/LaunchScreen.storyboardc/UIViewController-01J-lp-oVM.nib
2017-10-31 02:04:34 +0000  copying file ./Payload/Cunpiao.app/Cunpiao ... 
2017-10-31 02:04:36 +0000  20686512 bytes for ./Payload/Cunpiao.app/Cunpiao
2017-10-31 02:04:36 +0000  copying file ./Payload/Cunpiao.app/embedded.mobileprovision ... 
2017-10-31 02:04:36 +0000  16062 bytes for ./Payload/Cunpiao.app/embedded.mobileprovision
2017-10-31 02:04:36 +0000  copying file ./Payload/Cunpiao.app/exportOptions.plist ... 
2017-10-31 02:04:36 +0000  60 bytes for ./Payload/Cunpiao.app/exportOptions.plist
2017-10-31 02:04:36 +0000  copying file ./Payload/Cunpiao.app/Info.plist ... 
2017-10-31 02:04:36 +0000  2964 bytes for ./Payload/Cunpiao.app/Info.plist
copying file ./Payload/Cunpiao.app/InfoPlist.strings ... 
2017-10-31 02:04:36 +0000  73 bytes for ./Payload/Cunpiao.app/InfoPlist.strings
2017-10-31 02:04:36 +0000  copying file ./Payload/Cunpiao.app/IQKeyboardManager.bundle/en.lproj/IQKeyboardManager.strings ... 
2017-10-31 02:04:36 +0000  618 bytes for ./Payload/Cunpiao.app/IQKeyboardManager.bundle/en.lproj/IQKeyboardManager.strings
2017-10-31 02:04:36 +0000  copying file ./Payload/Cunpiao.app/IQKeyboardManager.bundle/es.lproj/IQKeyboardManager.strings ... 
2017-10-31 02:04:36 +0000  640 bytes for ./Payload/Cunpiao.app/IQKeyboardManager.bundle/es.lproj/IQKeyboardManager.strings
copying file ./Payload/Cunpiao.app/IQKeyboardManager.bundle/IQButtonBarArrowLeft@2x.png ... 
2017-10-31 02:04:36 +0000  328 bytes for ./Payload/Cunpiao.app/IQKeyboardManager.bundle/IQButtonBarArrowLeft@2x.png
copying file ./Payload/Cunpiao.app/IQKeyboardManager.bundle/IQButtonBarArrowRight@2x.png ... 
2017-10-31 02:04:36 +0000  351 bytes for ./Payload/Cunpiao.app/IQKeyboardManager.bundle/IQButtonBarArrowRight@2x.png
copying file ./Payload/Cunpiao.app/JSBadgeView.bundle/Info.plist ... 
2017-10-31 02:04:36 +0000  719 bytes for ./Payload/Cunpiao.app/JSBadgeView.bundle/Info.plist
2017-10-31 02:04:36 +0000  copying file ./Payload/Cunpiao.app/LaunchImage-1100-2436h@3x.png ... 
2017-10-31 02:04:36 +0000  232451 bytes for ./Payload/Cunpiao.app/LaunchImage-1100-2436h@3x.png
2017-10-31 02:04:36 +0000  copying file ./Payload/Cunpiao.app/LaunchImage-700-568h@2x.png ... 
2017-10-31 02:04:36 +0000  25365 bytes for ./Payload/Cunpiao.app/LaunchImage-700-568h@2x.png
copying file ./Payload/Cunpiao.app/LaunchImage-700@2x.png ... 
2017-10-31 02:04:36 +0000  24451 bytes for ./Payload/Cunpiao.app/LaunchImage-700@2x.png
2017-10-31 02:04:36 +0000  copying file ./Payload/Cunpiao.app/LaunchImage-800-667h@2x.png ... 
2017-10-31 02:04:36 +0000  31576 bytes for ./Payload/Cunpiao.app/LaunchImage-800-667h@2x.png
2017-10-31 02:04:36 +0000  copying file ./Payload/Cunpiao.app/LaunchImage-800-Portrait-736h@3x.png ... 
2017-10-31 02:04:36 +0000  62313 bytes for ./Payload/Cunpiao.app/LaunchImage-800-Portrait-736h@3x.png
2017-10-31 02:04:36 +0000  copying file ./Payload/Cunpiao.app/MJPhotoBrowser.bundle/save_icon.png ... 
2017-10-31 02:04:36 +0000  1727 bytes for ./Payload/Cunpiao.app/MJPhotoBrowser.bundle/save_icon.png
2017-10-31 02:04:36 +0000  copying file ./Payload/Cunpiao.app/MJPhotoBrowser.bundle/save_icon@2x.png ... 
2017-10-31 02:04:36 +0000  1056 bytes for ./Payload/Cunpiao.app/MJPhotoBrowser.bundle/save_icon@2x.png
copying file ./Payload/Cunpiao.app/MJPhotoBrowser.bundle/save_icon_highlighted.png ... 
2017-10-31 02:04:36 +0000  1744 bytes for ./Payload/Cunpiao.app/MJPhotoBrowser.bundle/save_icon_highlighted.png
copying file ./Payload/Cunpiao.app/MJPhotoBrowser.bundle/save_icon_highlighted@2x.png ... 
2017-10-31 02:04:36 +0000  1056 bytes for ./Payload/Cunpiao.app/MJPhotoBrowser.bundle/save_icon_highlighted@2x.png
2017-10-31 02:04:36 +0000  copying file ./Payload/Cunpiao.app/MJRefresh.bundle/arrow@2x.png ... 
2017-10-31 02:04:36 +0000  1033 bytes for ./Payload/Cunpiao.app/MJRefresh.bundle/arrow@2x.png
2017-10-31 02:04:36 +0000  copying file ./Payload/Cunpiao.app/MJRefresh.bundle/en.lproj/Localizable.strings ... 
2017-10-31 02:04:36 +0000  1126 bytes for ./Payload/Cunpiao.app/MJRefresh.bundle/en.lproj/Localizable.strings
copying file ./Payload/Cunpiao.app/MJRefresh.bundle/zh-Hans.lproj/Localizable.strings ... 
2017-10-31 02:04:36 +0000  1186 bytes for ./Payload/Cunpiao.app/MJRefresh.bundle/zh-Hans.lproj/Localizable.strings
2017-10-31 02:04:36 +0000  copying file ./Payload/Cunpiao.app/MJRefresh.bundle/zh-Hant.lproj/Localizable.strings ... 
2017-10-31 02:04:36 +0000  773 bytes for ./Payload/Cunpiao.app/MJRefresh.bundle/zh-Hant.lproj/Localizable.strings
copying file ./Payload/Cunpiao.app/NetworkEnvironment.plist ... 
2017-10-31 02:04:36 +0000  311 bytes for ./Payload/Cunpiao.app/NetworkEnvironment.plist
copying file ./Payload/Cunpiao.app/PkgInfo ... 
2017-10-31 02:04:36 +0000  8 bytes for ./Payload/Cunpiao.app/PkgInfo
2017-10-31 02:04:36 +0000  copying file ./Payload/Cunpiao.app/ShareSDK.bundle/Base.lproj/ShareSDK.strings ... 
2017-10-31 02:04:36 +0000  1002 bytes for ./Payload/Cunpiao.app/ShareSDK.bundle/Base.lproj/ShareSDK.strings
2017-10-31 02:04:36 +0000  copying file ./Payload/Cunpiao.app/ShareSDK.bundle/en.lproj/ShareSDK.strings ... 
2017-10-31 02:04:36 +0000  1005 bytes for ./Payload/Cunpiao.app/ShareSDK.bundle/en.lproj/ShareSDK.strings
2017-10-31 02:04:36 +0000  copying file ./Payload/Cunpiao.app/ShareSDK.bundle/ScriptCore/NativeExt.js ... 
2017-10-31 02:04:36 +0000  12548 bytes for ./Payload/Cunpiao.app/ShareSDK.bundle/ScriptCore/NativeExt.js
2017-10-31 02:04:36 +0000  copying file ./Payload/Cunpiao.app/ShareSDK.bundle/ScriptCore/platforms/AliPaySocial.js ... 
2017-10-31 02:04:36 +0000  12337 bytes for ./Payload/Cunpiao.app/ShareSDK.bundle/ScriptCore/platforms/AliPaySocial.js
2017-10-31 02:04:36 +0000  copying file ./Payload/Cunpiao.app/ShareSDK.bundle/ScriptCore/platforms/Copy.js ... 
2017-10-31 02:04:36 +0000  4172 bytes for ./Payload/Cunpiao.app/ShareSDK.bundle/ScriptCore/platforms/Copy.js
2017-10-31 02:04:36 +0000  copying file ./Payload/Cunpiao.app/ShareSDK.bundle/ScriptCore/platforms/DingTalk.js ... 
2017-10-31 02:04:36 +0000  11400 bytes for ./Payload/Cunpiao.app/ShareSDK.bundle/ScriptCore/platforms/DingTalk.js
2017-10-31 02:04:36 +0000  copying file ./Payload/Cunpiao.app/ShareSDK.bundle/ScriptCore/platforms/DouBan.js ... 
2017-10-31 02:04:36 +0000  9529 bytes for ./Payload/Cunpiao.app/ShareSDK.bundle/ScriptCore/platforms/DouBan.js
copying file ./Payload/Cunpiao.app/ShareSDK.bundle/ScriptCore/platforms/Dropbox.js ... 
2017-10-31 02:04:36 +0000  7652 bytes for ./Payload/Cunpiao.app/ShareSDK.bundle/ScriptCore/platforms/Dropbox.js
copying file ./Payload/Cunpiao.app/ShareSDK.bundle/ScriptCore/platforms/Evernote.js ... 
2017-10-31 02:04:36 +0000  8070 bytes for ./Payload/Cunpiao.app/ShareSDK.bundle/ScriptCore/platforms/Evernote.js
2017-10-31 02:04:36 +0000  copying file ./Payload/Cunpiao.app/ShareSDK.bundle/ScriptCore/platforms/Facebook.js ... 
2017-10-31 02:04:36 +0000  18767 bytes for ./Payload/Cunpiao.app/ShareSDK.bundle/ScriptCore/platforms/Facebook.js
copying file ./Payload/Cunpiao.app/ShareSDK.bundle/ScriptCore/platforms/FacebookMessenger.js ... 
2017-10-31 02:04:36 +0000  11858 bytes for ./Payload/Cunpiao.app/ShareSDK.bundle/ScriptCore/platforms/FacebookMessenger.js
2017-10-31 02:04:36 +0000  copying file ./Payload/Cunpiao.app/ShareSDK.bundle/ScriptCore/platforms/Flickr.js ... 
2017-10-31 02:04:36 +0000  9206 bytes for ./Payload/Cunpiao.app/ShareSDK.bundle/ScriptCore/platforms/Flickr.js
2017-10-31 02:04:36 +0000  copying file ./Payload/Cunpiao.app/ShareSDK.bundle/ScriptCore/platforms/GooglePlus.js ... 
2017-10-31 02:04:36 +0000  9935 bytes for ./Payload/Cunpiao.app/ShareSDK.bundle/ScriptCore/platforms/GooglePlus.js
2017-10-31 02:04:36 +0000  copying file ./Payload/Cunpiao.app/ShareSDK.bundle/ScriptCore/platforms/Instagram.js ... 
2017-10-31 02:04:36 +0000  9319 bytes for ./Payload/Cunpiao.app/ShareSDK.bundle/ScriptCore/platforms/Instagram.js
2017-10-31 02:04:36 +0000  copying file ./Payload/Cunpiao.app/ShareSDK.bundle/ScriptCore/platforms/Instapaper.js ... 
2017-10-31 02:04:36 +0000  6528 bytes for ./Payload/Cunpiao.app/ShareSDK.bundle/ScriptCore/platforms/Instapaper.js
2017-10-31 02:04:36 +0000  copying file ./Payload/Cunpiao.app/ShareSDK.bundle/ScriptCore/platforms/KaiXin.js ... 
2017-10-31 02:04:36 +0000  10081 bytes for ./Payload/Cunpiao.app/ShareSDK.bundle/ScriptCore/platforms/KaiXin.js
2017-10-31 02:04:36 +0000  copying file ./Payload/Cunpiao.app/ShareSDK.bundle/ScriptCore/platforms/KaKao.js ... 
2017-10-31 02:04:36 +0000  19755 bytes for ./Payload/Cunpiao.app/ShareSDK.bundle/ScriptCore/platforms/KaKao.js
2017-10-31 02:04:36 +0000  copying file ./Payload/Cunpiao.app/ShareSDK.bundle/ScriptCore/platforms/Line.js ... 
2017-10-31 02:04:36 +0000  11085 bytes for ./Payload/Cunpiao.app/ShareSDK.bundle/ScriptCore/platforms/Line.js
copying file ./Payload/Cunpiao.app/ShareSDK.bundle/ScriptCore/platforms/LinkedIn.js ... 
2017-10-31 02:04:36 +0000  9320 bytes for ./Payload/Cunpiao.app/ShareSDK.bundle/ScriptCore/platforms/LinkedIn.js
copying file ./Payload/Cunpiao.app/ShareSDK.bundle/ScriptCore/platforms/Mail.js ... 
2017-10-31 02:04:36 +0000  4526 bytes for ./Payload/Cunpiao.app/ShareSDK.bundle/ScriptCore/platforms/Mail.js
2017-10-31 02:04:36 +0000  copying file ./Payload/Cunpiao.app/ShareSDK.bundle/ScriptCore/platforms/MeiPai.js ... 
2017-10-31 02:04:36 +0000  9032 bytes for ./Payload/Cunpiao.app/ShareSDK.bundle/ScriptCore/platforms/MeiPai.js
2017-10-31 02:04:36 +0000  copying file ./Payload/Cunpiao.app/ShareSDK.bundle/ScriptCore/platforms/MingDao.js ... 
2017-10-31 02:04:36 +0000  9501 bytes for ./Payload/Cunpiao.app/ShareSDK.bundle/ScriptCore/platforms/MingDao.js
2017-10-31 02:04:36 +0000  copying file ./Payload/Cunpiao.app/ShareSDK.bundle/ScriptCore/platforms/Pinterest.js ... 
2017-10-31 02:04:36 +0000  11365 bytes for ./Payload/Cunpiao.app/ShareSDK.bundle/ScriptCore/platforms/Pinterest.js
2017-10-31 02:04:36 +0000  copying file ./Payload/Cunpiao.app/ShareSDK.bundle/ScriptCore/platforms/Pocket.js ... 
2017-10-31 02:04:36 +0000  9210 bytes for ./Payload/Cunpiao.app/ShareSDK.bundle/ScriptCore/platforms/Pocket.js
copying file ./Payload/Cunpiao.app/ShareSDK.bundle/ScriptCore/platforms/Print.js ... 
2017-10-31 02:04:36 +0000  3956 bytes for ./Payload/Cunpiao.app/ShareSDK.bundle/ScriptCore/platforms/Print.js
copying file ./Payload/Cunpiao.app/ShareSDK.bundle/ScriptCore/platforms/QQ.js ... 
2017-10-31 02:04:36 +0000  23202 bytes for ./Payload/Cunpiao.app/ShareSDK.bundle/ScriptCore/platforms/QQ.js
copying file ./Payload/Cunpiao.app/ShareSDK.bundle/ScriptCore/platforms/RenRen.js ... 
2017-10-31 02:04:36 +0000  14511 bytes for ./Payload/Cunpiao.app/ShareSDK.bundle/ScriptCore/platforms/RenRen.js
2017-10-31 02:04:36 +0000  copying file ./Payload/Cunpiao.app/ShareSDK.bundle/ScriptCore/platforms/SinaWeibo.js ... 
2017-10-31 02:04:36 +0000  20902 bytes for ./Payload/Cunpiao.app/ShareSDK.bundle/ScriptCore/platforms/SinaWeibo.js
2017-10-31 02:04:36 +0000  copying file ./Payload/Cunpiao.app/ShareSDK.bundle/ScriptCore/platforms/SMS.js ... 
2017-10-31 02:04:36 +0000  4289 bytes for ./Payload/Cunpiao.app/ShareSDK.bundle/ScriptCore/platforms/SMS.js
copying file ./Payload/Cunpiao.app/ShareSDK.bundle/ScriptCore/platforms/TencentWeibo.js ... 
2017-10-31 02:04:36 +0000  9526 bytes for ./Payload/Cunpiao.app/ShareSDK.bundle/ScriptCore/platforms/TencentWeibo.js
2017-10-31 02:04:36 +0000  copying file ./Payload/Cunpiao.app/ShareSDK.bundle/ScriptCore/platforms/Tumblr.js ... 
2017-10-31 02:04:36 +0000  9858 bytes for ./Payload/Cunpiao.app/ShareSDK.bundle/ScriptCore/platforms/Tumblr.js
copying file ./Payload/Cunpiao.app/ShareSDK.bundle/ScriptCore/platforms/Twitter.js ... 
2017-10-31 02:04:36 +0000  11877 bytes for ./Payload/Cunpiao.app/ShareSDK.bundle/ScriptCore/platforms/Twitter.js
2017-10-31 02:04:36 +0000  copying file ./Payload/Cunpiao.app/ShareSDK.bundle/ScriptCore/platforms/VKontakte.js ... 
2017-10-31 02:04:36 +0000  13079 bytes for ./Payload/Cunpiao.app/ShareSDK.bundle/ScriptCore/platforms/VKontakte.js
2017-10-31 02:04:36 +0000  copying file ./Payload/Cunpiao.app/ShareSDK.bundle/ScriptCore/platforms/WeChat.js ... 
2017-10-31 02:04:36 +0000  23596 bytes for ./Payload/Cunpiao.app/ShareSDK.bundle/ScriptCore/platforms/WeChat.js
copying file ./Payload/Cunpiao.app/ShareSDK.bundle/ScriptCore/platforms/WhatsApp.js ... 
2017-10-31 02:04:36 +0000  5244 bytes for ./Payload/Cunpiao.app/ShareSDK.bundle/ScriptCore/platforms/WhatsApp.js
2017-10-31 02:04:36 +0000  copying file ./Payload/Cunpiao.app/ShareSDK.bundle/ScriptCore/platforms/YiXin.js ... 
2017-10-31 02:04:36 +0000  27407 bytes for ./Payload/Cunpiao.app/ShareSDK.bundle/ScriptCore/platforms/YiXin.js
copying file ./Payload/Cunpiao.app/ShareSDK.bundle/ScriptCore/platforms/YouDaoNote.js ... 
2017-10-31 02:04:36 +0000  7873 bytes for ./Payload/Cunpiao.app/ShareSDK.bundle/ScriptCore/platforms/YouDaoNote.js
2017-10-31 02:04:36 +0000  copying file ./Payload/Cunpiao.app/ShareSDK.bundle/ScriptCore/platforms/YouTube.js ... 
2017-10-31 02:04:36 +0000  10738 bytes for ./Payload/Cunpiao.app/ShareSDK.bundle/ScriptCore/platforms/YouTube.js
2017-10-31 02:04:36 +0000  copying file ./Payload/Cunpiao.app/ShareSDK.bundle/ScriptCore/ShareSDK.js ... 
2017-10-31 02:04:36 +0000  7245 bytes for ./Payload/Cunpiao.app/ShareSDK.bundle/ScriptCore/ShareSDK.js
2017-10-31 02:04:36 +0000  copying file ./Payload/Cunpiao.app/ShareSDK.bundle/zh-Hans.lproj/ShareSDK.strings ... 
2017-10-31 02:04:36 +0000  1001 bytes for ./Payload/Cunpiao.app/ShareSDK.bundle/zh-Hans.lproj/ShareSDK.strings
2017-10-31 02:04:36 +0000  copying file ./Payload/Cunpiao.app/SSKeychain.bundle/en.lproj/SSKeychain.strings ... 
2017-10-31 02:04:36 +0000  1576 bytes for ./Payload/Cunpiao.app/SSKeychain.bundle/en.lproj/SSKeychain.strings
2017-10-31 02:04:36 +0000  copying file ./Payload/Cunpiao.app/suc_play.gif ... 
2017-10-31 02:04:36 +0000  7560 bytes for ./Payload/Cunpiao.app/suc_play.gif
2017-10-31 02:04:36 +0000  copying file ./Payload/Cunpiao.app/TencentOpenApi_IOS_Bundle.bundle/error.png ... 
2017-10-31 02:04:36 +0000  1578 bytes for ./Payload/Cunpiao.app/TencentOpenApi_IOS_Bundle.bundle/error.png
copying file ./Payload/Cunpiao.app/TencentOpenApi_IOS_Bundle.bundle/Info.plist ... 
2017-10-31 02:04:36 +0000  589 bytes for ./Payload/Cunpiao.app/TencentOpenApi_IOS_Bundle.bundle/Info.plist
copying file ./Payload/Cunpiao.app/TencentOpenApi_IOS_Bundle.bundle/local.html ... 
2017-10-31 02:04:36 +0000  4556 bytes for ./Payload/Cunpiao.app/TencentOpenApi_IOS_Bundle.bundle/local.html
2017-10-31 02:04:36 +0000  copying file ./Payload/Cunpiao.app/TencentOpenApi_IOS_Bundle.bundle/qqicon.png ... 
2017-10-31 02:04:36 +0000  1855 bytes for ./Payload/Cunpiao.app/TencentOpenApi_IOS_Bundle.bundle/qqicon.png
2017-10-31 02:04:36 +0000  copying file ./Payload/Cunpiao.app/TencentOpenApi_IOS_Bundle.bundle/success.png ... 
2017-10-31 02:04:36 +0000  1761 bytes for ./Payload/Cunpiao.app/TencentOpenApi_IOS_Bundle.bundle/success.png
2017-10-31 02:04:36 +0000  copying file ./Payload/Cunpiao.app/walletResources.bundle/Contents/Resources/default.css ... 
2017-10-31 02:04:36 +0000  4369 bytes for ./Payload/Cunpiao.app/walletResources.bundle/Contents/Resources/default.css
2017-10-31 02:04:36 +0000  copying file ./Payload/Cunpiao.app/walletResources.bundle/Contents/Resources/ll_arrow_down_normal@2x.png ... 
2017-10-31 02:04:36 +0000  1321 bytes for ./Payload/Cunpiao.app/walletResources.bundle/Contents/Resources/ll_arrow_down_normal@2x.png
2017-10-31 02:04:36 +0000  copying file ./Payload/Cunpiao.app/walletResources.bundle/Contents/Resources/ll_arrow_down_pressed@2x.png ... 
2017-10-31 02:04:36 +0000  1353 bytes for ./Payload/Cunpiao.app/walletResources.bundle/Contents/Resources/ll_arrow_down_pressed@2x.png
copying file ./Payload/Cunpiao.app/walletResources.bundle/Contents/Resources/ll_arrow_left_normal@2x.png ... 
2017-10-31 02:04:36 +0000  1543 bytes for ./Payload/Cunpiao.app/walletResources.bundle/Contents/Resources/ll_arrow_left_normal@2x.png
copying file ./Payload/Cunpiao.app/walletResources.bundle/Contents/Resources/ll_arrow_right_normal@2x.png ... 
2017-10-31 02:04:36 +0000  1326 bytes for ./Payload/Cunpiao.app/walletResources.bundle/Contents/Resources/ll_arrow_right_normal@2x.png
2017-10-31 02:04:36 +0000  copying file ./Payload/Cunpiao.app/walletResources.bundle/Contents/Resources/ll_arrow_right_pressed@2x.png ... 
2017-10-31 02:04:36 +0000  1324 bytes for ./Payload/Cunpiao.app/walletResources.bundle/Contents/Resources/ll_arrow_right_pressed@2x.png
copying file ./Payload/Cunpiao.app/walletResources.bundle/Contents/Resources/ll_cancel_normal@2x.png ... 
2017-10-31 02:04:36 +0000  1369 bytes for ./Payload/Cunpiao.app/walletResources.bundle/Contents/Resources/ll_cancel_normal@2x.png
2017-10-31 02:04:36 +0000  copying file ./Payload/Cunpiao.app/walletResources.bundle/Contents/Resources/ll_cancel_pressed@2x.png ... 
2017-10-31 02:04:36 +0000  1398 bytes for ./Payload/Cunpiao.app/walletResources.bundle/Contents/Resources/ll_cancel_pressed@2x.png
2017-10-31 02:04:36 +0000  copying file ./Payload/Cunpiao.app/walletResources.bundle/Contents/Resources/ll_card@2x.png ... 
2017-10-31 02:04:36 +0000  1140 bytes for ./Payload/Cunpiao.app/walletResources.bundle/Contents/Resources/ll_card@2x.png
2017-10-31 02:04:36 +0000  copying file ./Payload/Cunpiao.app/walletResources.bundle/Contents/Resources/ll_contact@2x.png ... 
2017-10-31 02:04:36 +0000  1269 bytes for ./Payload/Cunpiao.app/walletResources.bundle/Contents/Resources/ll_contact@2x.png
copying file ./Payload/Cunpiao.app/walletResources.bundle/Contents/Resources/ll_cvv2_backgroun@2x.png ... 
2017-10-31 02:04:36 +0000  2312 bytes for ./Payload/Cunpiao.app/walletResources.bundle/Contents/Resources/ll_cvv2_backgroun@2x.png
2017-10-31 02:04:36 +0000  copying file ./Payload/Cunpiao.app/walletResources.bundle/Contents/Resources/ll_cvv2_front@2x.png ... 
2017-10-31 02:04:36 +0000  8757 bytes for ./Payload/Cunpiao.app/walletResources.bundle/Contents/Resources/ll_cvv2_front@2x.png
2017-10-31 02:04:36 +0000  copying file ./Payload/Cunpiao.app/walletResources.bundle/Contents/Resources/ll_detail@2x.png ... 
2017-10-31 02:04:36 +0000  2059 bytes for ./Payload/Cunpiao.app/walletResources.bundle/Contents/Resources/ll_detail@2x.png
copying file ./Payload/Cunpiao.app/walletResources.bundle/Contents/Resources/ll_detail_normal@2x.png ... 
2017-10-31 02:04:36 +0000  2282 bytes for ./Payload/Cunpiao.app/walletResources.bundle/Contents/Resources/ll_detail_normal@2x.png
copying file ./Payload/Cunpiao.app/walletResources.bundle/Contents/Resources/ll_detail_pressed@2x.png ... 
2017-10-31 02:04:36 +0000  2297 bytes for ./Payload/Cunpiao.app/walletResources.bundle/Contents/Resources/ll_detail_pressed@2x.png
2017-10-31 02:04:36 +0000  copying file ./Payload/Cunpiao.app/walletResources.bundle/Contents/Resources/ll_dot_selected@2x.png ... 
2017-10-31 02:04:36 +0000  5147 bytes for ./Payload/Cunpiao.app/walletResources.bundle/Contents/Resources/ll_dot_selected@2x.png
copying file ./Payload/Cunpiao.app/walletResources.bundle/Contents/Resources/ll_dot_unselected@2x.png ... 
2017-10-31 02:04:36 +0000  3426 bytes for ./Payload/Cunpiao.app/walletResources.bundle/Contents/Resources/ll_dot_unselected@2x.png
2017-10-31 02:04:36 +0000  copying file ./Payload/Cunpiao.app/walletResources.bundle/Contents/Resources/ll_fail2@2x.png ... 
2017-10-31 02:04:36 +0000  1650 bytes for ./Payload/Cunpiao.app/walletResources.bundle/Contents/Resources/ll_fail2@2x.png
copying file ./Payload/Cunpiao.app/walletResources.bundle/Contents/Resources/ll_fail@2x.png ... 
2017-10-31 02:04:36 +0000  1690 bytes for ./Payload/Cunpiao.app/walletResources.bundle/Contents/Resources/ll_fail@2x.png
copying file ./Payload/Cunpiao.app/walletResources.bundle/Contents/Resources/ll_gesture_bg@2x.png ... 
2017-10-31 02:04:36 +0000  4806 bytes for ./Payload/Cunpiao.app/walletResources.bundle/Contents/Resources/ll_gesture_bg@2x.png
2017-10-31 02:04:36 +0000  copying file ./Payload/Cunpiao.app/walletResources.bundle/Contents/Resources/ll_inputbg@2x.png ... 
2017-10-31 02:04:36 +0000  1778 bytes for ./Payload/Cunpiao.app/walletResources.bundle/Contents/Resources/ll_inputbg@2x.png
2017-10-31 02:04:36 +0000  copying file ./Payload/Cunpiao.app/walletResources.bundle/Contents/Resources/ll_more@2x.png ... 
1293 bytes for ./Payload/Cunpiao.app/walletResources.bundle/Contents/Resources/ll_more@2x.png
copying file ./Payload/Cunpiao.app/walletResources.bundle/Contents/Resources/ll_nav_bg2@2x.png ... 
935 bytes for ./Payload/Cunpiao.app/walletResources.bundle/Contents/Resources/ll_nav_bg2@2x.png
copying file ./Payload/Cunpiao.app/walletResources.bundle/Contents/Resources/ll_nav_bg3@2x.png ... 
1826 bytes for ./Payload/Cunpiao.app/walletResources.bundle/Contents/Resources/ll_nav_bg3@2x.png
copying file ./Payload/Cunpiao.app/walletResources.bundle/Contents/Resources/ll_nav_bg@2x.png ... 
1529 bytes for ./Payload/Cunpiao.app/walletResources.bundle/Contents/Resources/ll_nav_bg@2x.png
copying file ./Payload/Cunpiao.app/walletResources.bundle/Contents/Resources/ll_phone@2x.png ... 
2017-10-31 02:04:36 +0000  1655 bytes for ./Payload/Cunpiao.app/walletResources.bundle/Contents/Resources/ll_phone@2x.png
copying file ./Payload/Cunpiao.app/walletResources.bundle/Contents/Resources/ll_shield@2x.png ... 
2017-10-31 02:04:36 +0000  3000 bytes for ./Payload/Cunpiao.app/walletResources.bundle/Contents/Resources/ll_shield@2x.png
copying file ./Payload/Cunpiao.app/walletResources.bundle/Contents/Resources/ll_shield_h@2x.png ... 
2017-10-31 02:04:36 +0000  2982 bytes for ./Payload/Cunpiao.app/walletResources.bundle/Contents/Resources/ll_shield_h@2x.png
2017-10-31 02:04:36 +0000  copying file ./Payload/Cunpiao.app/walletResources.bundle/Contents/Resources/ll_success@2x.png ... 
2017-10-31 02:04:36 +0000  1208 bytes for ./Payload/Cunpiao.app/walletResources.bundle/Contents/Resources/ll_success@2x.png
copying file ./Payload/Cunpiao.app/walletResources.bundle/Contents/Resources/ll_warning@2x.png ... 
2017-10-31 02:04:36 +0000  1878 bytes for ./Payload/Cunpiao.app/walletResources.bundle/Contents/Resources/ll_warning@2x.png
copying file ./Payload/Cunpiao.app/walletResources.bundle/Contents/Resources/logo2@2x.png ... 
2017-10-31 02:04:36 +0000  2600 bytes for ./Payload/Cunpiao.app/walletResources.bundle/Contents/Resources/logo2@2x.png
2017-10-31 02:04:36 +0000  copying file ./Payload/Cunpiao.app/walletResources.bundle/Contents/Resources/logo@2x.png ... 
2017-10-31 02:04:36 +0000  2609 bytes for ./Payload/Cunpiao.app/walletResources.bundle/Contents/Resources/logo@2x.png
2017-10-31 02:04:36 +0000  copying file ./Payload/Cunpiao.app/WeiboSDK.bundle/images/common_button_white@2x.png ... 
2017-10-31 02:04:36 +0000  367 bytes for ./Payload/Cunpiao.app/WeiboSDK.bundle/images/common_button_white@2x.png
2017-10-31 02:04:36 +0000  copying file ./Payload/Cunpiao.app/WeiboSDK.bundle/images/common_button_white_highlighted@2x.png ... 
2017-10-31 02:04:36 +0000  378 bytes for ./Payload/Cunpiao.app/WeiboSDK.bundle/images/common_button_white_highlighted@2x.png
copying file ./Payload/Cunpiao.app/WeiboSDK.bundle/images/empty_failed@2x.png ... 
2017-10-31 02:04:36 +0000  4136 bytes for ./Payload/Cunpiao.app/WeiboSDK.bundle/images/empty_failed@2x.png
2017-10-31 02:04:36 +0000  copying file ./Payload/Cunpiao.app/WeiboSDK.bundle/others/mfp.cer ... 
2017-10-31 02:04:36 +0000  577 bytes for ./Payload/Cunpiao.app/WeiboSDK.bundle/others/mfp.cer
2017-10-31 02:04:36 +0000  copying file ./Payload/Cunpiao.app/zh-Hans.lproj/LaunchScreen.strings ... 
2017-10-31 02:04:36 +0000  2 bytes for ./Payload/Cunpiao.app/zh-Hans.lproj/LaunchScreen.strings
2017-10-31 02:04:36 +0000  /usr/bin/ditto exited with 0
2017-10-31 02:04:36 +0000  Processing step: IDEDistributionCreateManifestStep
